# project noname (1.0) configured on Sun Mar 13 16:58:18 2011 by
# waf 1.5.16 (abi 7, python 20605f0 on linux2)
# using /usr/bin/node-waf configure build
#

----------------------------------------
Setting srcdir to
/home/sebastian/Face.js

----------------------------------------
Setting blddir to
/home/sebastian/Face.js/build

----------------------------------------
Checking for program g++ or c++
  find program=['g++', 'c++'] paths=[] var='CXX'
  -> '/usr/bin/g++'

----------------------------------------
Checking for program cpp
  find program=['cpp'] paths=[] var='CPP'
  -> '/usr/bin/cpp'

----------------------------------------
Checking for program ar
  find program=['ar'] paths=[] var='AR'
  -> '/usr/bin/ar'

----------------------------------------
Checking for program ranlib
  find program=['ranlib'] paths=[] var='RANLIB'
  -> '/usr/bin/ranlib'

----------------------------------------
Checking for g++ 
ok 

----------------------------------------
Checking for node path 
not found

----------------------------------------
Checking for node prefix 
ok /usr

----------------------------------------
Checking for opencv
pkg-config --errors-to-stdout --print-errors --cflags --libs opencv
-I/usr/local/include/opencv -I/usr/local/include  -L/usr/local/lib -lopencv_core -lopencv_imgproc -lopencv_highgui -lopencv_ml -lopencv_video -lopencv_features2d -lopencv_calib3d -lopencv_objdetect -lopencv_contrib -lopencv_legacy  
yes
